<?xml version="1.0" encoding="UTF-8"?>
<testsuite xmlns:xsi="http://www.w3.org/2001/XMLSchema-instance" xsi:noNamespaceSchemaLocation="https://maven.apache.org/surefire/maven-surefire-plugin/xsd/surefire-test-report-3.0.xsd" version="3.0" name="com.example.ExampleResourceTest" time="5.612" tests="1" errors="0" skipped="0" failures="0">
  <properties>
[...]
</properties>
  <testcase name="testHelloEndpoint" classname="com.example.ExampleResourceTest" time="1.045">
    <system-out><![CDATA[2021-07-08 12:32:06,098 INFO  [io.quarkus] (main) Quarkus 2.0.1.Final on JVM started in 1.921s. Listening on: http://localhost:8081
2021-07-08 12:32:06,099 INFO  [io.quarkus] (main) Profile test activated. 
2021-07-08 12:32:06,100 INFO  [io.quarkus] (main) Installed features: [cdi, rest-client, rest-client-jackson, rest-client-jaxb, rest-client-jsonb, resteasy, resteasy-jackson, resteasy-jsonb, smallrye-context-propagation]
]]></system-out>
  </testcase>
</testsuite>